<?xml version="1.0" encoding="UTF-8"?>
<testng-results ignored="0" total="9" passed="9" failed="0" skipped="0">
  <reporter-output>
  </reporter-output>
  <suite started-at="2021-08-23T20:08:49 IST" name="Default suite" finished-at="2021-08-23T20:09:48 IST" duration-ms="58287">
    <groups>
    </groups>
    <test started-at="2021-08-23T20:08:49 IST" name="Default test" finished-at="2021-08-23T20:09:48 IST" duration-ms="58287">
      <class name="login.TestData">
        <test-method is-config="true" signature="BeforeTest()[pri:0, instance:login.TestData@3315d2d7]" started-at="2021-08-23T20:08:49 IST" name="BeforeTest" finished-at="2021-08-23T20:08:51 IST" duration-ms="1758" status="PASS">
          <reporter-output>
          </reporter-output>
        </test-method> <!-- BeforeTest -->
        <test-method signature="Login(java.lang.String, java.lang.String)[pri:0, instance:login.TestData@3315d2d7]" started-at="2021-08-23T20:08:51 IST" name="Login" data-provider="loginTest" finished-at="2021-08-23T20:09:00 IST" duration-ms="8917" status="PASS">
          <params>
            <param index="0">
              <value>
                <![CDATA[abimanyu8870@gmail.com]]>
              </value>
            </param>
            <param index="1">
              <value>
                <![CDATA[abi@123]]>
              </value>
            </param>
          </params>
          <reporter-output>
          </reporter-output>
        </test-method> <!-- Login -->
        <test-method signature="Login(java.lang.String, java.lang.String)[pri:0, instance:login.TestData@3315d2d7]" started-at="2021-08-23T20:09:00 IST" name="Login" data-provider="loginTest" finished-at="2021-08-23T20:09:08 IST" duration-ms="7939" status="PASS">
          <params>
            <param index="0">
              <value>
                <![CDATA[abimanyu7216@gmail.com]]>
              </value>
            </param>
            <param index="1">
              <value>
                <![CDATA[abi@123]]>
              </value>
            </param>
          </params>
          <reporter-output>
          </reporter-output>
        </test-method> <!-- Login -->
        <test-method signature="Login(java.lang.String, java.lang.String)[pri:0, instance:login.TestData@3315d2d7]" started-at="2021-08-23T20:09:08 IST" name="Login" data-provider="loginTest" finished-at="2021-08-23T20:09:14 IST" duration-ms="5454" status="PASS">
          <params>
            <param index="0">
              <value>
                <![CDATA[tom@3diqinc.com]]>
              </value>
            </param>
            <param index="1">
              <value>
                <![CDATA[tom123]]>
              </value>
            </param>
          </params>
          <reporter-output>
          </reporter-output>
        </test-method> <!-- Login -->
        <test-method signature="Login(java.lang.String, java.lang.String)[pri:0, instance:login.TestData@3315d2d7]" started-at="2021-08-23T20:09:14 IST" name="Login" data-provider="loginTest" finished-at="2021-08-23T20:09:19 IST" duration-ms="5535" status="PASS">
          <params>
            <param index="0">
              <value>
                <![CDATA[abimanyu@3diqsoftware.com]]>
              </value>
            </param>
            <param index="1">
              <value>
                <![CDATA[abi123]]>
              </value>
            </param>
          </params>
          <reporter-output>
          </reporter-output>
        </test-method> <!-- Login -->
        <test-method signature="Login(java.lang.String, java.lang.String)[pri:0, instance:login.TestData@3315d2d7]" started-at="2021-08-23T20:09:19 IST" name="Login" data-provider="loginTest" finished-at="2021-08-23T20:09:25 IST" duration-ms="5485" status="PASS">
          <params>
            <param index="0">
              <value>
                <![CDATA[abimanyu@3diqsoftware.com]]>
              </value>
            </param>
            <param index="1">
              <value>
                <![CDATA[]]>
              </value>
            </param>
          </params>
          <reporter-output>
          </reporter-output>
        </test-method> <!-- Login -->
        <test-method signature="Login(java.lang.String, java.lang.String)[pri:0, instance:login.TestData@3315d2d7]" started-at="2021-08-23T20:09:25 IST" name="Login" data-provider="loginTest" finished-at="2021-08-23T20:09:30 IST" duration-ms="5496" status="PASS">
          <params>
            <param index="0">
              <value>
                <![CDATA[]]>
              </value>
            </param>
            <param index="1">
              <value>
                <![CDATA[tom123]]>
              </value>
            </param>
          </params>
          <reporter-output>
          </reporter-output>
        </test-method> <!-- Login -->
        <test-method signature="Login(java.lang.String, java.lang.String)[pri:0, instance:login.TestData@3315d2d7]" started-at="2021-08-23T20:09:30 IST" name="Login" data-provider="loginTest" finished-at="2021-08-23T20:09:36 IST" duration-ms="5810" status="PASS">
          <params>
            <param index="0">
              <value>
                <![CDATA[]]>
              </value>
            </param>
            <param index="1">
              <value>
                <![CDATA[]]>
              </value>
            </param>
          </params>
          <reporter-output>
          </reporter-output>
        </test-method> <!-- Login -->
        <test-method signature="Login(java.lang.String, java.lang.String)[pri:0, instance:login.TestData@3315d2d7]" started-at="2021-08-23T20:09:36 IST" name="Login" data-provider="loginTest" finished-at="2021-08-23T20:09:41 IST" duration-ms="5505" status="PASS">
          <params>
            <param index="0">
              <value>
                <![CDATA[abimanyu]]>
              </value>
            </param>
            <param index="1">
              <value>
                <![CDATA[abi123]]>
              </value>
            </param>
          </params>
          <reporter-output>
          </reporter-output>
        </test-method> <!-- Login -->
        <test-method signature="Login(java.lang.String, java.lang.String)[pri:0, instance:login.TestData@3315d2d7]" started-at="2021-08-23T20:09:41 IST" name="Login" data-provider="loginTest" finished-at="2021-08-23T20:09:47 IST" duration-ms="5603" status="PASS">
          <params>
            <param index="0">
              <value>
                <![CDATA[abimanyu12]]>
              </value>
            </param>
            <param index="1">
              <value>
                <![CDATA[]]>
              </value>
            </param>
          </params>
          <reporter-output>
          </reporter-output>
        </test-method> <!-- Login -->
        <test-method is-config="true" signature="AfterTest()[pri:0, instance:login.TestData@3315d2d7]" started-at="2021-08-23T20:09:47 IST" name="AfterTest" finished-at="2021-08-23T20:09:48 IST" duration-ms="706" status="PASS">
          <reporter-output>
          </reporter-output>
        </test-method> <!-- AfterTest -->
      </class> <!-- login.TestData -->
    </test> <!-- Default test -->
  </suite> <!-- Default suite -->
</testng-results>
