<?xml version="1.0" encoding="UTF-8"?>
<!-- Generated by org.testng.reporters.JUnitXMLReporter -->
<testsuite ignored="0" hostname="DESKTOP-BF5Q01B" failures="0" tests="9" name="Default test" time="58.287" errors="0" timestamp="2021-08-23T20:09:48 IST">
  <testcase classname="login.TestData" name="Login" time="8.917"/>
  <testcase classname="login.TestData" name="Login" time="7.939"/>
  <testcase classname="login.TestData" name="Login" time="5.454"/>
  <testcase classname="login.TestData" name="Login" time="5.535"/>
  <testcase classname="login.TestData" name="Login" time="5.485"/>
  <testcase classname="login.TestData" name="Login" time="5.496"/>
  <testcase classname="login.TestData" name="Login" time="5.81"/>
  <testcase classname="login.TestData" name="Login" time="5.505"/>
  <testcase classname="login.TestData" name="Login" time="5.603"/>
</testsuite> <!-- Default test -->
