<?xml version="1.0" encoding="UTF-8"?>
<!-- Generated by org.testng.reporters.JUnitXMLReporter -->
<testsuite ignored="0" hostname="DESKTOP-BF5Q01B" failures="0" tests="6" name="Default test" time="49.192" errors="0" timestamp="2021-08-23T18:21:30 IST">
  <testcase classname="register.TestData" name="Login" time="8.514"/>
  <testcase classname="register.TestData" name="Login" time="7.658"/>
  <testcase classname="register.TestData" name="Login" time="7.678"/>
  <testcase classname="register.TestData" name="Login" time="7.652"/>
  <testcase classname="register.TestData" name="Login" time="7.595"/>
  <testcase classname="register.TestData" name="Login" time="7.604"/>
</testsuite> <!-- Default test -->
