<?xml version="1.0" encoding="UTF-8"?>
<testng-results ignored="0" total="6" passed="6" failed="0" skipped="0">
  <reporter-output>
  </reporter-output>
  <suite started-at="2021-08-23T18:20:41 IST" name="Default suite" finished-at="2021-08-23T18:21:30 IST" duration-ms="49192">
    <groups>
    </groups>
    <test started-at="2021-08-23T18:20:41 IST" name="Default test" finished-at="2021-08-23T18:21:30 IST" duration-ms="49192">
      <class name="register.TestData">
        <test-method is-config="true" signature="BeforeTest()[pri:0, instance:register.TestData@3315d2d7]" started-at="2021-08-23T18:20:41 IST" name="BeforeTest" finished-at="2021-08-23T18:20:42 IST" duration-ms="1725" status="PASS">
          <reporter-output>
          </reporter-output>
        </test-method> <!-- BeforeTest -->
        <test-method signature="Login(java.lang.String, java.lang.String, java.lang.String)[pri:0, instance:register.TestData@3315d2d7]" started-at="2021-08-23T18:20:43 IST" name="Login" data-provider="RegisterTest" finished-at="2021-08-23T18:20:51 IST" duration-ms="8514" status="PASS">
          <params>
            <param index="0">
              <value>
                <![CDATA[Abi]]>
              </value>
            </param>
            <param index="1">
              <value>
                <![CDATA[abimanyu111@gmail.com]]>
              </value>
            </param>
            <param index="2">
              <value>
                <![CDATA[abi@123]]>
              </value>
            </param>
          </params>
          <reporter-output>
          </reporter-output>
        </test-method> <!-- Login -->
        <test-method signature="Login(java.lang.String, java.lang.String, java.lang.String)[pri:0, instance:register.TestData@3315d2d7]" started-at="2021-08-23T18:20:51 IST" name="Login" data-provider="RegisterTest" finished-at="2021-08-23T18:20:59 IST" duration-ms="7658" status="PASS">
          <params>
            <param index="0">
              <value>
                <![CDATA[Abi]]>
              </value>
            </param>
            <param index="1">
              <value>
                <![CDATA[abimanyu111@gmail.com]]>
              </value>
            </param>
            <param index="2">
              <value>
                <![CDATA[abi@123]]>
              </value>
            </param>
          </params>
          <reporter-output>
          </reporter-output>
        </test-method> <!-- Login -->
        <test-method signature="Login(java.lang.String, java.lang.String, java.lang.String)[pri:0, instance:register.TestData@3315d2d7]" started-at="2021-08-23T18:20:59 IST" name="Login" data-provider="RegisterTest" finished-at="2021-08-23T18:21:06 IST" duration-ms="7678" status="PASS">
          <params>
            <param index="0">
              <value>
                <![CDATA[]]>
              </value>
            </param>
            <param index="1">
              <value>
                <![CDATA[]]>
              </value>
            </param>
            <param index="2">
              <value>
                <![CDATA[]]>
              </value>
            </param>
          </params>
          <reporter-output>
          </reporter-output>
        </test-method> <!-- Login -->
        <test-method signature="Login(java.lang.String, java.lang.String, java.lang.String)[pri:0, instance:register.TestData@3315d2d7]" started-at="2021-08-23T18:21:06 IST" name="Login" data-provider="RegisterTest" finished-at="2021-08-23T18:21:14 IST" duration-ms="7652" status="PASS">
          <params>
            <param index="0">
              <value>
                <![CDATA[]]>
              </value>
            </param>
            <param index="1">
              <value>
                <![CDATA[abimanyu8870@gmail.com]]>
              </value>
            </param>
            <param index="2">
              <value>
                <![CDATA[abi123]]>
              </value>
            </param>
          </params>
          <reporter-output>
          </reporter-output>
        </test-method> <!-- Login -->
        <test-method signature="Login(java.lang.String, java.lang.String, java.lang.String)[pri:0, instance:register.TestData@3315d2d7]" started-at="2021-08-23T18:21:14 IST" name="Login" data-provider="RegisterTest" finished-at="2021-08-23T18:21:22 IST" duration-ms="7595" status="PASS">
          <params>
            <param index="0">
              <value>
                <![CDATA[Abi]]>
              </value>
            </param>
            <param index="1">
              <value>
                <![CDATA[]]>
              </value>
            </param>
            <param index="2">
              <value>
                <![CDATA[abi123]]>
              </value>
            </param>
          </params>
          <reporter-output>
          </reporter-output>
        </test-method> <!-- Login -->
        <test-method signature="Login(java.lang.String, java.lang.String, java.lang.String)[pri:0, instance:register.TestData@3315d2d7]" started-at="2021-08-23T18:21:22 IST" name="Login" data-provider="RegisterTest" finished-at="2021-08-23T18:21:29 IST" duration-ms="7604" status="PASS">
          <params>
            <param index="0">
              <value>
                <![CDATA[Abi]]>
              </value>
            </param>
            <param index="1">
              <value>
                <![CDATA[abimanyu8870@gmail.com]]>
              </value>
            </param>
            <param index="2">
              <value>
                <![CDATA[]]>
              </value>
            </param>
          </params>
          <reporter-output>
          </reporter-output>
        </test-method> <!-- Login -->
        <test-method is-config="true" signature="AfterTest()[pri:0, instance:register.TestData@3315d2d7]" started-at="2021-08-23T18:21:29 IST" name="AfterTest" finished-at="2021-08-23T18:21:30 IST" duration-ms="681" status="PASS">
          <reporter-output>
          </reporter-output>
        </test-method> <!-- AfterTest -->
      </class> <!-- register.TestData -->
    </test> <!-- Default test -->
  </suite> <!-- Default suite -->
</testng-results>
